#! /usr/bin/vvp
:ivl_version "0.9.7 " "(v0_9_7)";
:vpi_time_precision - 9;
:vpi_module "system";
:vpi_module "v2005_math";
:vpi_module "va_math";
S_0xb1b370 .scope module, "test_stopwatch" "test_stopwatch" 2 3;
 .timescale -9 -9;
v0xb35780_0 .var "clk", 0 0;
v0xb35820_0 .net "dsp", 7 0, v0xb35180_0; 1 drivers
v0xb358d0_0 .var "sw1", 0 0;
v0xb35980_0 .var "sw2", 0 0;
v0xb35a60_0 .var "sw3", 0 0;
S_0xb1b460 .scope module, "u0" "stopwatch" 2 7, 3 8, S_0xb1b370;
 .timescale -9 -9;
v0xb1b580_0 .var "ci", 0 0;
v0xb35040_0 .net "clk", 0 0, v0xb35780_0; 1 drivers
v0xb350e0_0 .var "cnt", 7 0;
v0xb35180_0 .var "dsp", 7 0;
v0xb35230_0 .var "ld", 0 0;
v0xb352d0_0 .var "next_state", 1 0;
v0xb353b0_0 .var "rst", 0 0;
v0xb35450_0 .var "state", 1 0;
v0xb35540_0 .net "sw1", 0 0, v0xb358d0_0; 1 drivers
v0xb355e0_0 .net "sw2", 0 0, v0xb35980_0; 1 drivers
v0xb356e0_0 .net "sw3", 0 0, v0xb35a60_0; 1 drivers
E_0xb03780 .event posedge, v0xb35040_0;
E_0xaddbc0 .event edge, v0xb35450_0;
E_0xb04730 .event edge, v0xb35450_0, v0xb356e0_0, v0xb355e0_0, v0xb35540_0;
    .scope S_0xb1b460;
T_0 ;
    %wait E_0xb04730;
    %load/v 8, v0xb35450_0, 2;
    %cmpi/u 8, 0, 2;
    %jmp/1 T_0.0, 6;
    %cmpi/u 8, 1, 2;
    %jmp/1 T_0.1, 6;
    %cmpi/u 8, 2, 2;
    %jmp/1 T_0.2, 6;
    %cmpi/u 8, 3, 2;
    %jmp/1 T_0.3, 6;
    %ix/load 0, 2, 0;
    %assign/v0 v0xb352d0_0, 0, 0;
    %jmp T_0.5;
T_0.0 ;
    %load/v 8, v0xb35540_0, 1;
    %load/v 9, v0xb355e0_0, 1;
    %cmpi/u 9, 0, 1;
    %mov 9, 4, 1;
    %and 8, 9, 1;
    %load/v 9, v0xb356e0_0, 1;
    %cmpi/u 9, 0, 1;
    %mov 9, 4, 1;
    %and 8, 9, 1;
    %jmp/0xz  T_0.6, 8;
    %movi 8, 1, 2;
    %ix/load 0, 2, 0;
    %assign/v0 v0xb352d0_0, 0, 8;
T_0.6 ;
    %jmp T_0.5;
T_0.1 ;
    %load/v 8, v0xb35540_0, 1;
    %cmpi/u 8, 0, 1;
    %mov 8, 4, 1;
    %load/v 9, v0xb355e0_0, 1;
    %and 8, 9, 1;
    %load/v 9, v0xb356e0_0, 1;
    %cmpi/u 9, 0, 1;
    %mov 9, 4, 1;
    %and 8, 9, 1;
    %jmp/0xz  T_0.8, 8;
    %ix/load 0, 2, 0;
    %assign/v0 v0xb352d0_0, 0, 1;
    %jmp T_0.9;
T_0.8 ;
    %load/v 8, v0xb35540_0, 1;
    %cmpi/u 8, 0, 1;
    %mov 8, 4, 1;
    %load/v 9, v0xb355e0_0, 1;
    %cmpi/u 9, 0, 1;
    %mov 9, 4, 1;
    %and 8, 9, 1;
    %load/v 9, v0xb356e0_0, 1;
    %and 8, 9, 1;
    %jmp/0xz  T_0.10, 8;
    %movi 8, 2, 2;
    %ix/load 0, 2, 0;
    %assign/v0 v0xb352d0_0, 0, 8;
T_0.10 ;
T_0.9 ;
    %jmp T_0.5;
T_0.2 ;
    %load/v 8, v0xb35540_0, 1;
    %cmpi/u 8, 0, 1;
    %mov 8, 4, 1;
    %load/v 9, v0xb355e0_0, 1;
    %and 8, 9, 1;
    %load/v 9, v0xb356e0_0, 1;
    %cmpi/u 9, 0, 1;
    %mov 9, 4, 1;
    %and 8, 9, 1;
    %jmp/0xz  T_0.12, 8;
    %ix/load 0, 2, 0;
    %assign/v0 v0xb352d0_0, 0, 1;
    %jmp T_0.13;
T_0.12 ;
    %load/v 8, v0xb35540_0, 1;
    %load/v 9, v0xb355e0_0, 1;
    %cmpi/u 9, 0, 1;
    %mov 9, 4, 1;
    %and 8, 9, 1;
    %load/v 9, v0xb356e0_0, 1;
    %cmpi/u 9, 0, 1;
    %mov 9, 4, 1;
    %and 8, 9, 1;
    %jmp/0xz  T_0.14, 8;
    %movi 8, 1, 2;
    %ix/load 0, 2, 0;
    %assign/v0 v0xb352d0_0, 0, 8;
T_0.14 ;
T_0.13 ;
    %jmp T_0.5;
T_0.3 ;
    %load/v 8, v0xb35540_0, 1;
    %load/v 9, v0xb355e0_0, 1;
    %cmpi/u 9, 0, 1;
    %mov 9, 4, 1;
    %and 8, 9, 1;
    %load/v 9, v0xb356e0_0, 1;
    %cmpi/u 9, 0, 1;
    %mov 9, 4, 1;
    %and 8, 9, 1;
    %jmp/0xz  T_0.16, 8;
    %movi 8, 1, 2;
    %ix/load 0, 2, 0;
    %assign/v0 v0xb352d0_0, 0, 8;
    %jmp T_0.17;
T_0.16 ;
    %load/v 8, v0xb35540_0, 1;
    %cmpi/u 8, 0, 1;
    %mov 8, 4, 1;
    %load/v 9, v0xb355e0_0, 1;
    %cmpi/u 9, 0, 1;
    %mov 9, 4, 1;
    %and 8, 9, 1;
    %load/v 9, v0xb356e0_0, 1;
    %and 8, 9, 1;
    %jmp/0xz  T_0.18, 8;
    %ix/load 0, 2, 0;
    %assign/v0 v0xb352d0_0, 0, 0;
T_0.18 ;
T_0.17 ;
    %jmp T_0.5;
T_0.5 ;
    %jmp T_0;
    .thread T_0, $push;
    .scope S_0xb1b460;
T_1 ;
    %wait E_0xb03780;
    %load/v 8, v0xb352d0_0, 2;
    %ix/load 0, 2, 0;
    %assign/v0 v0xb35450_0, 0, 8;
    %jmp T_1;
    .thread T_1;
    .scope S_0xb1b460;
T_2 ;
    %wait E_0xaddbc0;
    %load/v 8, v0xb35450_0, 2;
    %cmpi/u 8, 0, 2;
    %jmp/1 T_2.0, 6;
    %cmpi/u 8, 1, 2;
    %jmp/1 T_2.1, 6;
    %cmpi/u 8, 2, 2;
    %jmp/1 T_2.2, 6;
    %cmpi/u 8, 3, 2;
    %jmp/1 T_2.3, 6;
    %ix/load 0, 1, 0;
    %assign/v0 v0xb353b0_0, 0, 0;
    %ix/load 0, 1, 0;
    %assign/v0 v0xb1b580_0, 0, 0;
    %ix/load 0, 1, 0;
    %assign/v0 v0xb35230_0, 0, 0;
    %jmp T_2.5;
T_2.0 ;
    %ix/load 0, 1, 0;
    %assign/v0 v0xb353b0_0, 0, 0;
    %ix/load 0, 1, 0;
    %assign/v0 v0xb1b580_0, 0, 0;
    %ix/load 0, 1, 0;
    %assign/v0 v0xb35230_0, 0, 0;
    %jmp T_2.5;
T_2.1 ;
    %ix/load 0, 1, 0;
    %assign/v0 v0xb353b0_0, 0, 1;
    %ix/load 0, 1, 0;
    %assign/v0 v0xb1b580_0, 0, 1;
    %ix/load 0, 1, 0;
    %assign/v0 v0xb35230_0, 0, 1;
    %jmp T_2.5;
T_2.2 ;
    %ix/load 0, 1, 0;
    %assign/v0 v0xb353b0_0, 0, 1;
    %ix/load 0, 1, 0;
    %assign/v0 v0xb1b580_0, 0, 1;
    %ix/load 0, 1, 0;
    %assign/v0 v0xb35230_0, 0, 0;
    %jmp T_2.5;
T_2.3 ;
    %ix/load 0, 1, 0;
    %assign/v0 v0xb353b0_0, 0, 1;
    %ix/load 0, 1, 0;
    %assign/v0 v0xb1b580_0, 0, 0;
    %ix/load 0, 1, 0;
    %assign/v0 v0xb35230_0, 0, 1;
    %jmp T_2.5;
T_2.5 ;
    %jmp T_2;
    .thread T_2, $push;
    .scope S_0xb1b460;
T_3 ;
    %wait E_0xb03780;
    %load/v 8, v0xb353b0_0, 1;
    %cmpi/u 8, 0, 1;
    %jmp/0xz  T_3.0, 4;
    %ix/load 0, 8, 0;
    %assign/v0 v0xb350e0_0, 0, 0;
    %jmp T_3.1;
T_3.0 ;
    %load/v 8, v0xb350e0_0, 8;
    %load/v 16, v0xb1b580_0, 1;
    %mov 17, 0, 7;
    %add 8, 16, 8;
    %ix/load 0, 8, 0;
    %assign/v0 v0xb350e0_0, 0, 8;
T_3.1 ;
    %jmp T_3;
    .thread T_3;
    .scope S_0xb1b460;
T_4 ;
    %wait E_0xb03780;
    %load/v 8, v0xb353b0_0, 1;
    %cmpi/u 8, 0, 1;
    %jmp/0xz  T_4.0, 4;
    %ix/load 0, 8, 0;
    %assign/v0 v0xb35180_0, 0, 0;
    %jmp T_4.1;
T_4.0 ;
    %load/v 8, v0xb35230_0, 1;
    %jmp/0xz  T_4.2, 8;
    %load/v 8, v0xb350e0_0, 8;
    %ix/load 0, 8, 0;
    %assign/v0 v0xb35180_0, 0, 8;
T_4.2 ;
T_4.1 ;
    %jmp T_4;
    .thread T_4;
    .scope S_0xb1b370;
T_5 ;
    %vpi_call 2 10 "$dumpfile", "stopwatch.vcd";
    %vpi_call 2 11 "$dumpvars", 1'sb0, S_0xb1b370;
    %end;
    .thread T_5;
    .scope S_0xb1b370;
T_6 ;
    %set/v v0xb35780_0, 0, 1;
T_6.0 ;
    %delay 5, 0;
    %load/v 8, v0xb35780_0, 1;
    %inv 8, 1;
    %set/v v0xb35780_0, 8, 1;
    %jmp T_6.0;
    %end;
    .thread T_6;
    .scope S_0xb1b370;
T_7 ;
    %vpi_call 2 20 "$monitor", $time, " ", "clk=%b sw1=%b sw2=%b sw3=%b next_st=%b st=%b cnt=%d dsp=%d", v0xb35780_0, v0xb358d0_0, v0xb35980_0, v0xb35a60_0, v0xb352d0_0, v0xb35450_0, v0xb350e0_0, v0xb35820_0;
    %end;
    .thread T_7;
    .scope S_0xb1b370;
T_8 ;
    %set/v v0xb358d0_0, 0, 1;
    %set/v v0xb35980_0, 0, 1;
    %set/v v0xb35a60_0, 0, 1;
    %delay 10, 0;
    %set/v v0xb358d0_0, 1, 1;
    %delay 20, 0;
    %set/v v0xb358d0_0, 0, 1;
    %delay 50, 0;
    %set/v v0xb35a60_0, 1, 1;
    %delay 20, 0;
    %set/v v0xb35a60_0, 0, 1;
    %delay 20, 0;
    %set/v v0xb358d0_0, 1, 1;
    %delay 20, 0;
    %set/v v0xb358d0_0, 0, 1;
    %delay 30, 0;
    %set/v v0xb35a60_0, 1, 1;
    %delay 20, 0;
    %set/v v0xb35a60_0, 0, 1;
    %delay 40, 0;
    %set/v v0xb35980_0, 1, 1;
    %delay 20, 0;
    %set/v v0xb35980_0, 0, 1;
    %delay 20, 0;
    %set/v v0xb358d0_0, 1, 1;
    %delay 20, 0;
    %set/v v0xb358d0_0, 0, 1;
    %delay 50, 0;
    %set/v v0xb35980_0, 1, 1;
    %delay 20, 0;
    %set/v v0xb35980_0, 0, 1;
    %delay 20, 0;
    %set/v v0xb35a60_0, 1, 1;
    %delay 20, 0;
    %set/v v0xb35a60_0, 0, 1;
    %delay 20, 0;
    %vpi_call 2 61 "$finish";
    %end;
    .thread T_8;
# The file index is used to find the file name in the following table.
:file_names 4;
    "N/A";
    "<interactive>";
    "test_stopwatch.v";
    "stopwatch.v";
