#! /usr/bin/vvp
:ivl_version "0.9.7 " "(v0_9_7)";
:vpi_time_precision - 9;
:vpi_module "system";
:vpi_module "v2005_math";
:vpi_module "va_math";
S_0x232d730 .scope module, "test_buzzer" "test_buzzer" 2 3;
 .timescale -9 -9;
v0x237f7f0_0 .var "clk", 0 0;
v0x237f890_0 .net "led1", 0 0, v0x237f2f0_0; 1 drivers
v0x237f940_0 .net "led2", 0 0, v0x237f390_0; 1 drivers
v0x237f9f0_0 .var "sw1", 0 0;
v0x237fad0_0 .var "sw2", 0 0;
v0x237fb80_0 .var "sw3", 0 0;
S_0x232d820 .scope module, "u0" "buzzer" 2 7, 3 7, S_0x232d730;
 .timescale -9 -9;
v0x2367520_0 .net "clk", 0 0, v0x237f7f0_0; 1 drivers
v0x237f2f0_0 .var "led1", 0 0;
v0x237f390_0 .var "led2", 0 0;
v0x237f430_0 .var "next_state", 1 0;
v0x237f4e0_0 .var "state", 1 0;
v0x237f580_0 .net "sw1", 0 0, v0x237f9f0_0; 1 drivers
v0x237f660_0 .net "sw2", 0 0, v0x237fad0_0; 1 drivers
v0x237f700_0 .net "sw3", 0 0, v0x237fb80_0; 1 drivers
E_0x23428a0 .event edge, v0x237f4e0_0;
E_0x2367d70 .event posedge, v0x2367520_0;
E_0x2367950 .event edge, v0x237f4e0_0, v0x237f700_0, v0x237f660_0, v0x237f580_0;
    .scope S_0x232d820;
T_0 ;
    %wait E_0x2367950;
    %load/v 8, v0x237f4e0_0, 2;
    %cmpi/u 8, 0, 2;
    %jmp/1 T_0.0, 6;
    %cmpi/u 8, 1, 2;
    %jmp/1 T_0.1, 6;
    %cmpi/u 8, 2, 2;
    %jmp/1 T_0.2, 6;
    %ix/load 0, 2, 0;
    %assign/v0 v0x237f430_0, 0, 0;
    %jmp T_0.4;
T_0.0 ;
    %load/v 8, v0x237f580_0, 1;
    %load/v 9, v0x237f660_0, 1;
    %and 8, 9, 1;
    %jmp/0xz  T_0.5, 8;
    %ix/load 0, 2, 0;
    %assign/v0 v0x237f430_0, 0, 0;
    %jmp T_0.6;
T_0.5 ;
    %load/v 8, v0x237f580_0, 1;
    %load/v 9, v0x237f660_0, 1;
    %cmpi/u 9, 0, 1;
    %mov 9, 4, 1;
    %and 8, 9, 1;
    %load/v 9, v0x237f700_0, 1;
    %cmpi/u 9, 0, 1;
    %mov 9, 4, 1;
    %and 8, 9, 1;
    %jmp/0xz  T_0.7, 8;
    %movi 8, 1, 2;
    %ix/load 0, 2, 0;
    %assign/v0 v0x237f430_0, 0, 8;
    %jmp T_0.8;
T_0.7 ;
    %load/v 8, v0x237f580_0, 1;
    %cmpi/u 8, 0, 1;
    %mov 8, 4, 1;
    %load/v 9, v0x237f660_0, 1;
    %and 8, 9, 1;
    %load/v 9, v0x237f700_0, 1;
    %cmpi/u 9, 0, 1;
    %mov 9, 4, 1;
    %and 8, 9, 1;
    %jmp/0xz  T_0.9, 8;
    %movi 8, 2, 2;
    %ix/load 0, 2, 0;
    %assign/v0 v0x237f430_0, 0, 8;
T_0.9 ;
T_0.8 ;
T_0.6 ;
    %jmp T_0.4;
T_0.1 ;
    %load/v 8, v0x237f700_0, 1;
    %jmp/0xz  T_0.11, 8;
    %ix/load 0, 2, 0;
    %assign/v0 v0x237f430_0, 0, 0;
T_0.11 ;
    %jmp T_0.4;
T_0.2 ;
    %load/v 8, v0x237f700_0, 1;
    %jmp/0xz  T_0.13, 8;
    %ix/load 0, 2, 0;
    %assign/v0 v0x237f430_0, 0, 0;
T_0.13 ;
    %jmp T_0.4;
T_0.4 ;
    %jmp T_0;
    .thread T_0, $push;
    .scope S_0x232d820;
T_1 ;
    %wait E_0x2367d70;
    %load/v 8, v0x237f430_0, 2;
    %ix/load 0, 2, 0;
    %assign/v0 v0x237f4e0_0, 0, 8;
    %jmp T_1;
    .thread T_1;
    .scope S_0x232d820;
T_2 ;
    %wait E_0x23428a0;
    %load/v 8, v0x237f4e0_0, 2;
    %cmpi/u 8, 0, 2;
    %jmp/1 T_2.0, 6;
    %cmpi/u 8, 1, 2;
    %jmp/1 T_2.1, 6;
    %cmpi/u 8, 2, 2;
    %jmp/1 T_2.2, 6;
    %ix/load 0, 1, 0;
    %assign/v0 v0x237f2f0_0, 0, 0;
    %ix/load 0, 1, 0;
    %assign/v0 v0x237f390_0, 0, 0;
    %jmp T_2.4;
T_2.0 ;
    %ix/load 0, 1, 0;
    %assign/v0 v0x237f2f0_0, 0, 0;
    %ix/load 0, 1, 0;
    %assign/v0 v0x237f390_0, 0, 0;
    %jmp T_2.4;
T_2.1 ;
    %ix/load 0, 1, 0;
    %assign/v0 v0x237f2f0_0, 0, 1;
    %ix/load 0, 1, 0;
    %assign/v0 v0x237f390_0, 0, 0;
    %jmp T_2.4;
T_2.2 ;
    %ix/load 0, 1, 0;
    %assign/v0 v0x237f2f0_0, 0, 0;
    %ix/load 0, 1, 0;
    %assign/v0 v0x237f390_0, 0, 1;
    %jmp T_2.4;
T_2.4 ;
    %jmp T_2;
    .thread T_2, $push;
    .scope S_0x232d730;
T_3 ;
    %vpi_call 2 10 "$dumpfile", "buzzer.vcd";
    %vpi_call 2 11 "$dumpvars", 1'sb0, S_0x232d730;
    %end;
    .thread T_3;
    .scope S_0x232d730;
T_4 ;
    %set/v v0x237f7f0_0, 0, 1;
T_4.0 ;
    %delay 5, 0;
    %load/v 8, v0x237f7f0_0, 1;
    %inv 8, 1;
    %set/v v0x237f7f0_0, 8, 1;
    %jmp T_4.0;
    %end;
    .thread T_4;
    .scope S_0x232d730;
T_5 ;
    %vpi_call 2 20 "$monitor", $time, " ", "clk=%b sw1=%b sw2=%b sw3=%b next_st=%b st=%b led1=%d led2=%b", v0x237f7f0_0, v0x237f9f0_0, v0x237fad0_0, v0x237fb80_0, v0x237f430_0, v0x237f4e0_0, v0x237f890_0, v0x237f940_0;
    %end;
    .thread T_5;
    .scope S_0x232d730;
T_6 ;
    %set/v v0x237f9f0_0, 0, 1;
    %set/v v0x237fad0_0, 0, 1;
    %set/v v0x237fb80_0, 0, 1;
    %delay 10, 0;
    %set/v v0x237f9f0_0, 1, 1;
    %delay 10, 0;
    %set/v v0x237f9f0_0, 0, 1;
    %delay 30, 0;
    %set/v v0x237f9f0_0, 1, 1;
    %delay 10, 0;
    %set/v v0x237f9f0_0, 0, 1;
    %delay 20, 0;
    %set/v v0x237fad0_0, 1, 1;
    %delay 10, 0;
    %set/v v0x237fad0_0, 0, 1;
    %delay 20, 0;
    %set/v v0x237fb80_0, 1, 1;
    %delay 10, 0;
    %set/v v0x237fb80_0, 0, 1;
    %delay 50, 0;
    %set/v v0x237fad0_0, 1, 1;
    %delay 10, 0;
    %set/v v0x237fad0_0, 0, 1;
    %delay 50, 0;
    %set/v v0x237f9f0_0, 1, 1;
    %delay 10, 0;
    %set/v v0x237f9f0_0, 0, 1;
    %delay 20, 0;
    %set/v v0x237fb80_0, 1, 1;
    %delay 10, 0;
    %set/v v0x237fb80_0, 0, 1;
    %delay 50, 0;
    %set/v v0x237f9f0_0, 1, 1;
    %set/v v0x237fad0_0, 1, 1;
    %delay 10, 0;
    %set/v v0x237f9f0_0, 0, 1;
    %set/v v0x237fad0_0, 0, 1;
    %delay 50, 0;
    %vpi_call 2 63 "$finish";
    %end;
    .thread T_6;
# The file index is used to find the file name in the following table.
:file_names 4;
    "N/A";
    "<interactive>";
    "test_buzzer.v";
    "buzzer.v";
