#! /usr/bin/vvp
:ivl_version "0.9.7 " "(v0_9_7)";
:vpi_time_precision - 9;
:vpi_module "system";
:vpi_module "v2005_math";
:vpi_module "va_math";
S_0x923bf0 .scope module, "jmp" "jmp" 2 3;
 .timescale -9 -9;
v0x92fc40_0 .net "a", 3 0, C4<zzzz>; 0 drivers
v0x949220_0 .net "b", 3 0, C4<zzzz>; 0 drivers
v0x9492c0_0 .net "sel", 1 0, C4<zz>; 0 drivers
v0x949360_0 .var "y", 3 0;
E_0x8ed3e0 .event edge, v0x9492c0_0, v0x949220_0, v0x92fc40_0;
S_0x9249b0 .scope module, "test" "test" 3 3;
 .timescale -9 -9;
v0x950120_0 .var "clk", 0 0;
v0x9501a0_0 .var "rst", 0 0;
S_0x949410 .scope module, "dp" "data_path" 3 6, 4 16, S_0x9249b0;
 .timescale -9 -9;
L_0x94a5f0 .functor BUFZ 4, v0x94da80_0, C4<0000>, C4<0000>, C4<0000>;
L_0x9504a0 .functor BUFZ 8, v0x94d720_0, C4<00000000>, C4<00000000>, C4<00000000>;
L_0x9505a0 .functor XNOR 1, v0x94a260_0, C4<1>, C4<0>, C4<0>;
RS_0x7f04e05dc138 .resolv tri, v0x9497c0_0, v0x94ae20_0, C4<zzzz>, C4<zzzz>;
L_0x950aa0 .functor BUFZ 4, RS_0x7f04e05dc138, C4<0000>, C4<0000>, C4<0000>;
L_0x951050 .functor BUFZ 4, L_0x950bf0, C4<0000>, C4<0000>, C4<0000>;
L_0x951200 .functor XNOR 1, v0x949ff0_0, C4<1>, C4<0>, C4<0>;
L_0x9516c0 .functor BUFZ 4, v0x94c060_0, C4<0000>, C4<0000>, C4<0000>;
L_0x9517c0 .functor BUFZ 4, v0x94c480_0, C4<0000>, C4<0000>, C4<0000>;
L_0x951e10 .functor XNOR 1, v0x94a1c0_0, C4<1>, C4<0>, C4<0>;
L_0x951a60 .functor BUFZ 4, v0x94c480_0, C4<0000>, C4<0000>, C4<0000>;
L_0x9524d0 .functor BUFZ 4, v0x94c060_0, C4<0000>, C4<0000>, C4<0000>;
L_0x952600 .functor XNOR 1, v0x94a570_0, C4<1>, C4<0>, C4<0>;
v0x94dc50_0 .net *"_s0", 3 0, C4<0001>; 1 drivers
v0x94dcd0_0 .net *"_s10", 0 0, L_0x9505a0; 1 drivers
v0x94dd70_0 .net *"_s13", 1 0, L_0x9506a0; 1 drivers
v0x94de10_0 .net *"_s14", 1 0, C4<00>; 1 drivers
v0x94dec0_0 .net *"_s28", 0 0, C4<1>; 1 drivers
v0x94df60_0 .net *"_s30", 0 0, L_0x951200; 1 drivers
v0x94e000_0 .net *"_s33", 3 0, L_0x951340; 1 drivers
v0x94e0a0_0 .net *"_s44", 0 0, C4<1>; 1 drivers
v0x94e140_0 .net *"_s46", 0 0, L_0x951e10; 1 drivers
v0x94e1e0_0 .net *"_s54", 1 0, C4<01>; 1 drivers
v0x94e280_0 .net *"_s66", 0 0, C4<1>; 1 drivers
v0x94e320_0 .net *"_s68", 0 0, L_0x952600; 1 drivers
v0x94e3c0_0 .net *"_s70", 7 0, L_0x952700; 1 drivers
v0x94e460_0 .net *"_s73", 3 0, C4<0000>; 1 drivers
v0x94e580_0 .net *"_s74", 7 0, L_0x9527e0; 1 drivers
v0x94e620_0 .net *"_s8", 0 0, C4<1>; 1 drivers
v0x94e4e0_0 .net "alu_din1", 3 0, L_0x951a60; 1 drivers
v0x94e750_0 .net "alu_din2", 3 0, L_0x9524d0; 1 drivers
v0x94e870_0 .net "alu_dout", 3 0, v0x949d10_0; 1 drivers
v0x94e8f0_0 .net "alu_sel", 1 0, v0x949f20_0; 1 drivers
v0x94e7d0_0 .net "ar_din", 3 0, L_0x951050; 1 drivers
v0x94ea20_0 .net "ar_dout", 3 0, v0x94c480_0; 1 drivers
v0x94e970_0 .net "br_din", 3 0, L_0x951470; 1 drivers
v0x94eb60_0 .net "br_dout", 3 0, v0x94c060_0; 1 drivers
v0x94ead0_0 .net "br_sel", 0 0, v0x949ff0_0; 1 drivers
v0x94ece0_0 .net "clk", 0 0, v0x950120_0; 1 drivers
v0x94ebe0_0 .net "dm_adrs", 3 0, L_0x9516c0; 1 drivers
v0x94ee40_0 .net "dm_din", 3 0, L_0x9517c0; 1 drivers
v0x94ed90_0 .net "dm_dout", 3 0, L_0x951ac0; 1 drivers
v0x94efb0_0 .net "dm_re", 0 0, v0x94a070_0; 1 drivers
v0x94ef10_0 .net "dm_we", 0 0, v0x94a110_0; 1 drivers
v0x94f180_0 .net "dr_din", 3 0, L_0x951f10; 1 drivers
v0x94f080_0 .net8 "dr_dout", 3 0, RS_0x7f04e05dc138; 2 drivers
v0x94f360_0 .net "dr_sel", 0 0, v0x94a1c0_0; 1 drivers
v0x94f200_0 .net "gr_a", 1 0, L_0x9507d0; 1 drivers
v0x94f280_0 .net "gr_b", 1 0, L_0x9509b0; 1 drivers
v0x94f510_0 .net "gr_din", 3 0, L_0x950aa0; 1 drivers
v0x94f590_0 .net "gr_dout_a", 3 0, L_0x950bf0; 1 drivers
v0x94f3e0_0 .net "gr_dout_b", 3 0, L_0x950d90; 1 drivers
v0x94f490_0 .net "gr_sel", 0 0, v0x94a260_0; 1 drivers
v0x94f790_0 .net "gr_we", 0 0, v0x94a340_0; 1 drivers
v0x94f860_0 .net "im_adrs", 3 0, L_0x94a5f0; 1 drivers
v0x94f610_0 .net "im_dout", 7 0, v0x94d720_0; 1 drivers
v0x94f6c0_0 .net "ir_din", 7 0, L_0x9504a0; 1 drivers
v0x94fa80_0 .net "ir_dout", 7 0, v0x94d330_0; 1 drivers
v0x94fb30_0 .net "ir_we", 0 0, v0x94a3e0_0; 1 drivers
RS_0x7f04e05dcfa8 .resolv tri, L_0x9502b0, L_0x952920, C4<zzzz>, C4<zzzz>;
v0x94f930_0 .net8 "pr_din", 3 0, RS_0x7f04e05dcfa8; 2 drivers
v0x94f9b0_0 .net "pr_dout", 3 0, v0x94da80_0; 1 drivers
v0x94fd70_0 .net "pr_sel", 0 0, v0x94a570_0; 1 drivers
v0x94fe20_0 .net "pr_we", 0 0, v0x94a670_0; 1 drivers
v0x94fc00_0 .net "rst", 0 0, v0x9501a0_0; 1 drivers
v0x94fc80_0 .net "sr_din", 1 0, L_0x952190; 1 drivers
v0x950050_0 .net "sr_dout", 1 0, v0x94aa30_0; 1 drivers
L_0x9502b0 .arith/sum 4, v0x94da80_0, C4<0001>;
L_0x9506a0 .part v0x94d330_0, 2, 2;
L_0x9507d0 .functor MUXZ 2, C4<00>, L_0x9506a0, L_0x9505a0, C4<>;
L_0x9509b0 .part v0x94d330_0, 0, 2;
L_0x951340 .part v0x94d330_0, 0, 4;
L_0x951470 .functor MUXZ 4, L_0x951340, L_0x950d90, L_0x951200, C4<>;
L_0x951f10 .functor MUXZ 4, L_0x951ac0, v0x949d10_0, L_0x951e10, C4<>;
L_0x952190 .arith/sum 2, v0x94aa30_0, C4<01>;
L_0x952380 .part v0x94d330_0, 4, 4;
L_0x952700 .concat [ 4 4 0 0], RS_0x7f04e05dcfa8, C4<0000>;
L_0x9527e0 .functor MUXZ 8, v0x94d330_0, L_0x952700, L_0x952600, C4<>;
L_0x952920 .part L_0x9527e0, 0, 4;
S_0x94d7c0 .scope module, "pc" "reg4" 4 46, 5 45, S_0x949410;
 .timescale -9 -9;
v0x94d8b0_0 .alias "clk", 0 0, v0x94ece0_0;
v0x94bf50_0 .alias "din", 3 0, v0x94f930_0;
v0x94da80_0 .var "dout", 3 0;
v0x94db20_0 .alias "rst", 0 0, v0x94fc00_0;
v0x94dbd0_0 .alias "we", 0 0, v0x94fe20_0;
S_0x94d560 .scope module, "im" "rom" 4 49, 6 3, S_0x949410;
 .timescale -9 -9;
v0x94d680_0 .alias "adrs", 3 0, v0x94f860_0;
v0x94d720_0 .var "dout", 7 0;
E_0x94d650 .event edge, v0x94d680_0;
S_0x94d120 .scope module, "ir" "reg8" 4 52, 5 30, S_0x949410;
 .timescale -9 -9;
v0x94d210_0 .alias "clk", 0 0, v0x94ece0_0;
v0x94d290_0 .alias "din", 7 0, v0x94f6c0_0;
v0x94d330_0 .var "dout", 7 0;
v0x94d3d0_0 .alias "rst", 0 0, v0x94fc00_0;
v0x94d4b0_0 .alias "we", 0 0, v0x94fb30_0;
S_0x94c670 .scope module, "gr" "regf" 4 57, 5 3, S_0x949410;
 .timescale -9 -9;
L_0x950bf0 .functor BUFZ 4, L_0x950b50, C4<0000>, C4<0000>, C4<0000>;
L_0x950d90 .functor BUFZ 4, L_0x950cf0, C4<0000>, C4<0000>, C4<0000>;
v0x94c760_0 .net *"_s0", 3 0, L_0x950b50; 1 drivers
v0x94c820_0 .net *"_s4", 3 0, L_0x950cf0; 1 drivers
v0x94c8c0_0 .alias "a", 1 0, v0x94f200_0;
v0x94c960_0 .alias "b", 1 0, v0x94f280_0;
v0x94ca10_0 .alias "clk", 0 0, v0x94ece0_0;
v0x94ca90 .array "data", 3 0, 3 0;
v0x94cb90_0 .alias "din", 3 0, v0x94f510_0;
v0x94cc30_0 .alias "dout_a", 3 0, v0x94f590_0;
v0x94ccd0_0 .alias "dout_b", 3 0, v0x94f3e0_0;
v0x94ca90_0 .array/port v0x94ca90, 0;
v0x94cd70_0 .net "r0", 3 0, v0x94ca90_0; 1 drivers
v0x94ca90_1 .array/port v0x94ca90, 1;
v0x94ce10_0 .net "r1", 3 0, v0x94ca90_1; 1 drivers
v0x94ca90_2 .array/port v0x94ca90, 2;
v0x94ceb0_0 .net "r2", 3 0, v0x94ca90_2; 1 drivers
v0x94ca90_3 .array/port v0x94ca90, 3;
v0x94cf50_0 .net "r3", 3 0, v0x94ca90_3; 1 drivers
v0x94cff0_0 .alias "we", 0 0, v0x94f790_0;
L_0x950b50 .array/port v0x94ca90, L_0x9507d0;
L_0x950cf0 .array/port v0x94ca90, L_0x9509b0;
S_0x94c250 .scope module, "ar" "reg4" 4 61, 5 45, S_0x949410;
 .timescale -9 -9;
v0x94c340_0 .alias "clk", 0 0, v0x94ece0_0;
v0x94c3e0_0 .alias "din", 3 0, v0x94e7d0_0;
v0x94c480_0 .var "dout", 3 0;
v0x94c520_0 .net "rst", 0 0, C4<1>; 1 drivers
v0x94c5d0_0 .net "we", 0 0, C4<1>; 1 drivers
S_0x94bde0 .scope module, "br" "reg4" 4 64, 5 45, S_0x949410;
 .timescale -9 -9;
v0x94bed0_0 .alias "clk", 0 0, v0x94ece0_0;
v0x94bfe0_0 .alias "din", 3 0, v0x94e970_0;
v0x94c060_0 .var "dout", 3 0;
v0x94c100_0 .net "rst", 0 0, C4<1>; 1 drivers
v0x94c1b0_0 .net "we", 0 0, C4<1>; 1 drivers
S_0x94b000 .scope module, "dm" "ram" 4 68, 7 3, S_0x949410;
 .timescale -9 -9;
L_0x951910 .functor XNOR 1, v0x94a070_0, C4<1>, C4<0>, C4<0>;
v0x94b0f0_0 .net *"_s0", 0 0, C4<1>; 1 drivers
v0x94b190_0 .net *"_s2", 0 0, L_0x951910; 1 drivers
v0x94b230_0 .net *"_s4", 3 0, L_0x9519c0; 1 drivers
v0x94b2d0_0 .net *"_s6", 3 0, C4<xxxx>; 1 drivers
v0x94b380_0 .alias "adrs", 3 0, v0x94ebe0_0;
v0x94b420_0 .alias "clk", 0 0, v0x94ece0_0;
v0x94b4a0 .array "data", 15 0, 3 0;
v0x94b7b0_0 .alias "din", 3 0, v0x94ee40_0;
v0x94b8a0_0 .alias "dout", 3 0, v0x94ed90_0;
v0x94b4a0_0 .array/port v0x94b4a0, 0;
v0x94b940_0 .net "m0", 3 0, v0x94b4a0_0; 1 drivers
v0x94b4a0_1 .array/port v0x94b4a0, 1;
v0x94b9e0_0 .net "m1", 3 0, v0x94b4a0_1; 1 drivers
v0x94b4a0_2 .array/port v0x94b4a0, 2;
v0x94ba80_0 .net "m2", 3 0, v0x94b4a0_2; 1 drivers
v0x94b4a0_3 .array/port v0x94b4a0, 3;
v0x94bb90_0 .net "m3", 3 0, v0x94b4a0_3; 1 drivers
v0x94bc30_0 .alias "re", 0 0, v0x94efb0_0;
v0x94bd30_0 .alias "we", 0 0, v0x94ef10_0;
L_0x9519c0 .array/port v0x94b4a0, L_0x9516c0;
L_0x951ac0 .functor MUXZ 4, C4<xxxx>, L_0x9519c0, L_0x951910, C4<>;
S_0x94ac10 .scope module, "dr" "reg4" 4 73, 5 45, S_0x949410;
 .timescale -9 -9;
v0x94ad00_0 .alias "clk", 0 0, v0x94ece0_0;
v0x94ada0_0 .alias "din", 3 0, v0x94f180_0;
v0x94ae20_0 .var "dout", 3 0;
v0x94aed0_0 .net "rst", 0 0, C4<1>; 1 drivers
v0x94af80_0 .net "we", 0 0, C4<1>; 1 drivers
S_0x94a820 .scope module, "sc" "reg2" 4 76, 5 60, S_0x949410;
 .timescale -9 -9;
v0x94a910_0 .alias "clk", 0 0, v0x94ece0_0;
v0x94a9b0_0 .alias "din", 1 0, v0x94fc80_0;
v0x94aa30_0 .var "dout", 1 0;
v0x94aae0_0 .alias "rst", 0 0, v0x94fc00_0;
v0x94ab90_0 .net "we", 0 0, C4<1>; 1 drivers
S_0x949dc0 .scope module, "csg" "csg" 4 79, 8 22, S_0x949410;
 .timescale -9 -9;
v0x949f20_0 .var "alu_sel", 1 0;
v0x949ff0_0 .var "br_sel", 0 0;
v0x94a070_0 .var "dm_re", 0 0;
v0x94a110_0 .var "dm_we", 0 0;
v0x94a1c0_0 .var "dr_sel", 0 0;
v0x94a260_0 .var "gr_sel", 0 0;
v0x94a340_0 .var "gr_we", 0 0;
v0x94a3e0_0 .var "ir_we", 0 0;
v0x94a4d0_0 .net "iru", 3 0, L_0x952380; 1 drivers
v0x94a570_0 .var "pr_sel", 0 0;
v0x94a670_0 .var "pr_we", 0 0;
v0x94a710_0 .alias "sr", 1 0, v0x950050_0;
E_0x949eb0 .event edge, v0x94a710_0, v0x94a4d0_0;
S_0x9499b0 .scope module, "alu" "alu" 4 90, 9 3, S_0x949410;
 .timescale -9 -9;
v0x949b10_0 .alias "a", 3 0, v0x94e4e0_0;
v0x949bd0_0 .alias "b", 3 0, v0x94e750_0;
v0x949c70_0 .alias "sel", 1 0, v0x94e8f0_0;
v0x949d10_0 .var "y", 3 0;
E_0x949aa0 .event edge, v0x949c70_0, v0x949bd0_0, v0x949b10_0;
S_0x949500 .scope module, "jmp" "reg4" 4 94, 5 45, S_0x949410;
 .timescale -9 -9;
v0x949660_0 .alias "clk", 0 0, v0x94ece0_0;
v0x949720_0 .alias "din", 3 0, v0x94f180_0;
v0x9497c0_0 .var "dout", 3 0;
v0x949860_0 .net "rst", 0 0, C4<1>; 1 drivers
v0x949910_0 .net "we", 0 0, C4<1>; 1 drivers
E_0x9495f0 .event posedge, v0x949660_0;
    .scope S_0x923bf0;
T_0 ;
    %wait E_0x8ed3e0;
    %load/v 8, v0x9492c0_0, 2;
    %cmpi/u 8, 0, 2;
    %jmp/1 T_0.0, 6;
    %cmpi/u 8, 1, 2;
    %jmp/1 T_0.1, 6;
    %cmpi/u 8, 2, 2;
    %jmp/1 T_0.2, 6;
    %cmpi/u 8, 3, 2;
    %jmp/1 T_0.3, 6;
    %cmpi/u 8, 4, 2;
    %jmp/1 T_0.4, 6;
    %cmpi/u 8, 5, 2;
    %jmp/1 T_0.5, 6;
    %cmpi/u 8, 6, 2;
    %jmp/1 T_0.6, 6;
    %cmpi/u 8, 7, 2;
    %jmp/1 T_0.7, 6;
    %cmpi/u 8, 8, 2;
    %jmp/1 T_0.8, 6;
    %cmpi/u 8, 9, 2;
    %jmp/1 T_0.9, 6;
    %cmpi/u 8, 10, 2;
    %jmp/1 T_0.10, 6;
    %cmpi/u 8, 11, 2;
    %jmp/1 T_0.11, 6;
    %cmpi/u 8, 12, 2;
    %jmp/1 T_0.12, 6;
    %cmpi/u 8, 13, 2;
    %jmp/1 T_0.13, 6;
    %cmpi/u 8, 14, 2;
    %jmp/1 T_0.14, 6;
    %cmpi/u 8, 15, 2;
    %jmp/1 T_0.15, 6;
    %ix/load 0, 4, 0;
    %assign/v0 v0x949360_0, 0, 2;
    %jmp T_0.18;
T_0.0 ;
    %movi 8, 5, 4;
    %ix/load 0, 4, 0;
    %assign/v0 v0x949360_0, 0, 8;
    %jmp T_0.18;
T_0.1 ;
    %movi 8, 4, 4;
    %ix/load 0, 4, 0;
    %assign/v0 v0x949360_0, 0, 8;
    %jmp T_0.18;
T_0.2 ;
    %movi 8, 2, 4;
    %ix/load 0, 4, 0;
    %assign/v0 v0x949360_0, 0, 8;
    %jmp T_0.18;
T_0.3 ;
    %movi 8, 4, 4;
    %ix/load 0, 4, 0;
    %assign/v0 v0x949360_0, 0, 8;
    %jmp T_0.18;
T_0.4 ;
    %movi 8, 8, 4;
    %ix/load 0, 4, 0;
    %assign/v0 v0x949360_0, 0, 8;
    %jmp T_0.18;
T_0.5 ;
    %movi 8, 14, 4;
    %ix/load 0, 4, 0;
    %assign/v0 v0x949360_0, 0, 8;
    %jmp T_0.18;
T_0.6 ;
    %movi 8, 4, 4;
    %ix/load 0, 4, 0;
    %assign/v0 v0x949360_0, 0, 8;
    %jmp T_0.18;
T_0.7 ;
    %movi 8, 8, 4;
    %ix/load 0, 4, 0;
    %assign/v0 v0x949360_0, 0, 8;
    %jmp T_0.18;
T_0.8 ;
    %ix/load 0, 4, 0;
    %assign/v0 v0x949360_0, 0, 0;
    %jmp T_0.18;
T_0.9 ;
    %ix/load 0, 4, 0;
    %assign/v0 v0x949360_0, 0, 2;
    %jmp T_0.18;
T_0.10 ;
    %ix/load 0, 4, 0;
    %assign/v0 v0x949360_0, 0, 2;
    %jmp T_0.18;
T_0.11 ;
    %ix/load 0, 4, 0;
    %assign/v0 v0x949360_0, 0, 2;
    %jmp T_0.18;
T_0.12 ;
    %ix/load 0, 4, 0;
    %assign/v0 v0x949360_0, 0, 2;
    %jmp T_0.18;
T_0.13 ;
    %ix/load 0, 4, 0;
    %assign/v0 v0x949360_0, 0, 2;
    %jmp T_0.18;
T_0.14 ;
    %ix/load 0, 4, 0;
    %assign/v0 v0x949360_0, 0, 2;
    %jmp T_0.18;
T_0.15 ;
    %ix/load 0, 4, 0;
    %assign/v0 v0x949360_0, 0, 2;
    %jmp T_0.18;
T_0.16 ;
    %ix/load 0, 4, 0;
    %assign/v0 v0x949360_0, 0, 2;
    %jmp T_0.18;
T_0.18 ;
    %jmp T_0;
    .thread T_0, $push;
    .scope S_0x94d7c0;
T_1 ;
    %wait E_0x9495f0;
    %load/v 8, v0x94db20_0, 1;
    %cmpi/u 8, 0, 1;
    %jmp/0xz  T_1.0, 4;
    %ix/load 0, 4, 0;
    %assign/v0 v0x94da80_0, 0, 0;
    %jmp T_1.1;
T_1.0 ;
    %load/v 8, v0x94dbd0_0, 1;
    %jmp/0xz  T_1.2, 8;
    %load/v 8, v0x94bf50_0, 4;
    %ix/load 0, 4, 0;
    %assign/v0 v0x94da80_0, 0, 8;
T_1.2 ;
T_1.1 ;
    %jmp T_1;
    .thread T_1;
    .scope S_0x94d560;
T_2 ;
    %wait E_0x94d650;
    %load/v 8, v0x94d680_0, 4;
    %cmpi/u 8, 0, 4;
    %jmp/1 T_2.0, 6;
    %cmpi/u 8, 1, 4;
    %jmp/1 T_2.1, 6;
    %cmpi/u 8, 2, 4;
    %jmp/1 T_2.2, 6;
    %cmpi/u 8, 3, 4;
    %jmp/1 T_2.3, 6;
    %cmpi/u 8, 4, 4;
    %jmp/1 T_2.4, 6;
    %cmpi/u 8, 5, 4;
    %jmp/1 T_2.5, 6;
    %cmpi/u 8, 6, 4;
    %jmp/1 T_2.6, 6;
    %cmpi/u 8, 7, 4;
    %jmp/1 T_2.7, 6;
    %cmpi/u 8, 8, 4;
    %jmp/1 T_2.8, 6;
    %cmpi/u 8, 9, 4;
    %jmp/1 T_2.9, 6;
    %cmpi/u 8, 10, 4;
    %jmp/1 T_2.10, 6;
    %cmpi/u 8, 11, 4;
    %jmp/1 T_2.11, 6;
    %cmpi/u 8, 12, 4;
    %jmp/1 T_2.12, 6;
    %cmpi/u 8, 13, 4;
    %jmp/1 T_2.13, 6;
    %cmpi/u 8, 14, 4;
    %jmp/1 T_2.14, 6;
    %cmpi/u 8, 15, 4;
    %jmp/1 T_2.15, 6;
    %ix/load 0, 8, 0;
    %assign/v0 v0x94d720_0, 0, 2;
    %jmp T_2.17;
T_2.0 ;
    %movi 8, 5, 8;
    %ix/load 0, 8, 0;
    %assign/v0 v0x94d720_0, 0, 8;
    %jmp T_2.17;
T_2.1 ;
    %movi 8, 20, 8;
    %ix/load 0, 8, 0;
    %assign/v0 v0x94d720_0, 0, 8;
    %jmp T_2.17;
T_2.2 ;
    %movi 8, 2, 8;
    %ix/load 0, 8, 0;
    %assign/v0 v0x94d720_0, 0, 8;
    %jmp T_2.17;
T_2.3 ;
    %movi 8, 84, 8;
    %ix/load 0, 8, 0;
    %assign/v0 v0x94d720_0, 0, 8;
    %jmp T_2.17;
T_2.4 ;
    %movi 8, 72, 8;
    %ix/load 0, 8, 0;
    %assign/v0 v0x94d720_0, 0, 8;
    %jmp T_2.17;
T_2.5 ;
    %movi 8, 30, 8;
    %ix/load 0, 8, 0;
    %assign/v0 v0x94d720_0, 0, 8;
    %jmp T_2.17;
T_2.6 ;
    %ix/load 0, 8, 0;
    %assign/v0 v0x94d720_0, 0, 2;
    %jmp T_2.17;
T_2.7 ;
    %ix/load 0, 8, 0;
    %assign/v0 v0x94d720_0, 0, 2;
    %jmp T_2.17;
T_2.8 ;
    %ix/load 0, 8, 0;
    %assign/v0 v0x94d720_0, 0, 2;
    %jmp T_2.17;
T_2.9 ;
    %ix/load 0, 8, 0;
    %assign/v0 v0x94d720_0, 0, 2;
    %jmp T_2.17;
T_2.10 ;
    %ix/load 0, 8, 0;
    %assign/v0 v0x94d720_0, 0, 2;
    %jmp T_2.17;
T_2.11 ;
    %ix/load 0, 8, 0;
    %assign/v0 v0x94d720_0, 0, 2;
    %jmp T_2.17;
T_2.12 ;
    %ix/load 0, 8, 0;
    %assign/v0 v0x94d720_0, 0, 2;
    %jmp T_2.17;
T_2.13 ;
    %ix/load 0, 8, 0;
    %assign/v0 v0x94d720_0, 0, 2;
    %jmp T_2.17;
T_2.14 ;
    %ix/load 0, 8, 0;
    %assign/v0 v0x94d720_0, 0, 2;
    %jmp T_2.17;
T_2.15 ;
    %ix/load 0, 8, 0;
    %assign/v0 v0x94d720_0, 0, 2;
    %jmp T_2.17;
T_2.17 ;
    %jmp T_2;
    .thread T_2, $push;
    .scope S_0x94d120;
T_3 ;
    %wait E_0x9495f0;
    %load/v 8, v0x94d3d0_0, 1;
    %cmpi/u 8, 0, 1;
    %jmp/0xz  T_3.0, 4;
    %ix/load 0, 8, 0;
    %assign/v0 v0x94d330_0, 0, 0;
    %jmp T_3.1;
T_3.0 ;
    %load/v 8, v0x94d4b0_0, 1;
    %jmp/0xz  T_3.2, 8;
    %load/v 8, v0x94d290_0, 8;
    %ix/load 0, 8, 0;
    %assign/v0 v0x94d330_0, 0, 8;
T_3.2 ;
T_3.1 ;
    %jmp T_3;
    .thread T_3;
    .scope S_0x94c670;
T_4 ;
    %wait E_0x9495f0;
    %load/v 8, v0x94cff0_0, 1;
    %jmp/0xz  T_4.0, 8;
    %load/v 8, v0x94cb90_0, 4;
    %ix/getv 3, v0x94c8c0_0;
    %jmp/1 t_0, 4;
    %ix/load 0, 4, 0; word width
    %ix/load 1, 0, 0; part off
    %assign/av v0x94ca90, 0, 8;
t_0 ;
T_4.0 ;
    %jmp T_4;
    .thread T_4;
    .scope S_0x94c670;
T_5 ;
   %ix/load 1, 0, 0;
   %ix/load 3, 0, 0;
   %set/av v0x94ca90, 0, 4;
   %ix/load 1, 0, 0;
   %ix/load 3, 1, 0;
   %set/av v0x94ca90, 0, 4;
   %ix/load 1, 0, 0;
   %ix/load 3, 2, 0;
   %set/av v0x94ca90, 0, 4;
   %ix/load 1, 0, 0;
   %ix/load 3, 3, 0;
   %set/av v0x94ca90, 0, 4;
    %end;
    .thread T_5;
    .scope S_0x94c250;
T_6 ;
    %wait E_0x9495f0;
    %load/v 8, v0x94c520_0, 1;
    %cmpi/u 8, 0, 1;
    %jmp/0xz  T_6.0, 4;
    %ix/load 0, 4, 0;
    %assign/v0 v0x94c480_0, 0, 0;
    %jmp T_6.1;
T_6.0 ;
    %load/v 8, v0x94c5d0_0, 1;
    %jmp/0xz  T_6.2, 8;
    %load/v 8, v0x94c3e0_0, 4;
    %ix/load 0, 4, 0;
    %assign/v0 v0x94c480_0, 0, 8;
T_6.2 ;
T_6.1 ;
    %jmp T_6;
    .thread T_6;
    .scope S_0x94bde0;
T_7 ;
    %wait E_0x9495f0;
    %load/v 8, v0x94c100_0, 1;
    %cmpi/u 8, 0, 1;
    %jmp/0xz  T_7.0, 4;
    %ix/load 0, 4, 0;
    %assign/v0 v0x94c060_0, 0, 0;
    %jmp T_7.1;
T_7.0 ;
    %load/v 8, v0x94c1b0_0, 1;
    %jmp/0xz  T_7.2, 8;
    %load/v 8, v0x94bfe0_0, 4;
    %ix/load 0, 4, 0;
    %assign/v0 v0x94c060_0, 0, 8;
T_7.2 ;
T_7.1 ;
    %jmp T_7;
    .thread T_7;
    .scope S_0x94b000;
T_8 ;
    %wait E_0x9495f0;
    %load/v 8, v0x94bd30_0, 1;
    %jmp/0xz  T_8.0, 8;
    %load/v 8, v0x94b7b0_0, 4;
    %ix/getv 3, v0x94b380_0;
    %jmp/1 t_1, 4;
    %ix/load 0, 4, 0; word width
    %ix/load 1, 0, 0; part off
    %assign/av v0x94b4a0, 0, 8;
t_1 ;
T_8.0 ;
    %jmp T_8;
    .thread T_8;
    .scope S_0x94b000;
T_9 ;
   %ix/load 1, 0, 0;
   %ix/load 3, 0, 0;
   %set/av v0x94b4a0, 0, 4;
   %ix/load 1, 0, 0;
   %ix/load 3, 1, 0;
   %set/av v0x94b4a0, 0, 4;
   %ix/load 1, 0, 0;
   %ix/load 3, 2, 0;
   %set/av v0x94b4a0, 0, 4;
   %ix/load 1, 0, 0;
   %ix/load 3, 3, 0;
   %set/av v0x94b4a0, 0, 4;
   %ix/load 1, 0, 0;
   %ix/load 3, 4, 0;
   %set/av v0x94b4a0, 0, 4;
   %ix/load 1, 0, 0;
   %ix/load 3, 5, 0;
   %set/av v0x94b4a0, 0, 4;
   %ix/load 1, 0, 0;
   %ix/load 3, 6, 0;
   %set/av v0x94b4a0, 0, 4;
   %ix/load 1, 0, 0;
   %ix/load 3, 7, 0;
   %set/av v0x94b4a0, 0, 4;
   %ix/load 1, 0, 0;
   %ix/load 3, 8, 0;
   %set/av v0x94b4a0, 0, 4;
   %ix/load 1, 0, 0;
   %ix/load 3, 9, 0;
   %set/av v0x94b4a0, 0, 4;
   %ix/load 1, 0, 0;
   %ix/load 3, 10, 0;
   %set/av v0x94b4a0, 0, 4;
   %ix/load 1, 0, 0;
   %ix/load 3, 11, 0;
   %set/av v0x94b4a0, 0, 4;
   %ix/load 1, 0, 0;
   %ix/load 3, 12, 0;
   %set/av v0x94b4a0, 0, 4;
   %ix/load 1, 0, 0;
   %ix/load 3, 13, 0;
   %set/av v0x94b4a0, 0, 4;
   %ix/load 1, 0, 0;
   %ix/load 3, 14, 0;
   %set/av v0x94b4a0, 0, 4;
   %ix/load 1, 0, 0;
   %ix/load 3, 15, 0;
   %set/av v0x94b4a0, 0, 4;
    %end;
    .thread T_9;
    .scope S_0x94ac10;
T_10 ;
    %wait E_0x9495f0;
    %load/v 8, v0x94aed0_0, 1;
    %cmpi/u 8, 0, 1;
    %jmp/0xz  T_10.0, 4;
    %ix/load 0, 4, 0;
    %assign/v0 v0x94ae20_0, 0, 0;
    %jmp T_10.1;
T_10.0 ;
    %load/v 8, v0x94af80_0, 1;
    %jmp/0xz  T_10.2, 8;
    %load/v 8, v0x94ada0_0, 4;
    %ix/load 0, 4, 0;
    %assign/v0 v0x94ae20_0, 0, 8;
T_10.2 ;
T_10.1 ;
    %jmp T_10;
    .thread T_10;
    .scope S_0x94a820;
T_11 ;
    %wait E_0x9495f0;
    %load/v 8, v0x94aae0_0, 1;
    %cmpi/u 8, 0, 1;
    %jmp/0xz  T_11.0, 4;
    %ix/load 0, 2, 0;
    %assign/v0 v0x94aa30_0, 0, 0;
    %jmp T_11.1;
T_11.0 ;
    %load/v 8, v0x94ab90_0, 1;
    %jmp/0xz  T_11.2, 8;
    %load/v 8, v0x94a9b0_0, 2;
    %ix/load 0, 2, 0;
    %assign/v0 v0x94aa30_0, 0, 8;
T_11.2 ;
T_11.1 ;
    %jmp T_11;
    .thread T_11;
    .scope S_0x949dc0;
T_12 ;
    %wait E_0x949eb0;
    %ix/load 0, 1, 0;
    %assign/v0 v0x94a570_0, 0, 2;
    %ix/load 0, 1, 0;
    %assign/v0 v0x94a260_0, 0, 2;
    %ix/load 0, 1, 0;
    %assign/v0 v0x949ff0_0, 0, 2;
    %ix/load 0, 1, 0;
    %assign/v0 v0x94a1c0_0, 0, 2;
    %ix/load 0, 2, 0;
    %assign/v0 v0x949f20_0, 0, 2;
    %ix/load 0, 1, 0;
    %assign/v0 v0x94a3e0_0, 0, 0;
    %ix/load 0, 1, 0;
    %assign/v0 v0x94a670_0, 0, 0;
    %ix/load 0, 1, 0;
    %assign/v0 v0x94a340_0, 0, 0;
    %ix/load 0, 1, 0;
    %assign/v0 v0x94a070_0, 0, 0;
    %ix/load 0, 1, 0;
    %assign/v0 v0x94a110_0, 0, 0;
    %load/v 8, v0x94a710_0, 2;
    %cmpi/u 8, 0, 2;
    %jmp/1 T_12.0, 6;
    %cmpi/u 8, 1, 2;
    %jmp/1 T_12.1, 6;
    %cmpi/u 8, 2, 2;
    %jmp/1 T_12.2, 6;
    %cmpi/u 8, 3, 2;
    %jmp/1 T_12.3, 6;
    %jmp T_12.4;
T_12.0 ;
    %ix/load 0, 1, 0;
    %assign/v0 v0x94a3e0_0, 0, 1;
    %ix/load 0, 1, 0;
    %assign/v0 v0x94a670_0, 0, 1;
    %set/v v0x94a570_0, 1, 1;
    %jmp T_12.4;
T_12.1 ;
    %load/v 8, v0x94a4d0_0, 4;
    %cmpi/u 8, 0, 4;
    %jmp/1 T_12.5, 6;
    %cmpi/u 8, 1, 4;
    %jmp/1 T_12.6, 6;
    %cmpi/u 8, 4, 4;
    %jmp/1 T_12.7, 6;
    %cmpi/u 8, 5, 4;
    %jmp/1 T_12.8, 6;
    %cmpi/u 8, 2, 4;
    %jmp/1 T_12.9, 6;
    %cmpi/u 8, 3, 4;
    %jmp/1 T_12.10, 6;
    %cmpi/u 8, 6, 4;
    %jmp/1 T_12.11, 6;
    %jmp T_12.12;
T_12.5 ;
    %ix/load 0, 1, 0;
    %assign/v0 v0x949ff0_0, 0, 0;
    %jmp T_12.12;
T_12.6 ;
    %ix/load 0, 1, 0;
    %assign/v0 v0x949ff0_0, 0, 1;
    %jmp T_12.12;
T_12.7 ;
    %ix/load 0, 1, 0;
    %assign/v0 v0x949ff0_0, 0, 1;
    %jmp T_12.12;
T_12.8 ;
    %ix/load 0, 1, 0;
    %assign/v0 v0x94a260_0, 0, 1;
    %ix/load 0, 1, 0;
    %assign/v0 v0x949ff0_0, 0, 1;
    %jmp T_12.12;
T_12.9 ;
    %ix/load 0, 1, 0;
    %assign/v0 v0x94a260_0, 0, 1;
    %ix/load 0, 1, 0;
    %assign/v0 v0x949ff0_0, 0, 1;
    %jmp T_12.12;
T_12.10 ;
    %ix/load 0, 1, 0;
    %assign/v0 v0x94a260_0, 0, 1;
    %ix/load 0, 1, 0;
    %assign/v0 v0x949ff0_0, 0, 1;
    %jmp T_12.12;
T_12.11 ;
    %ix/load 0, 1, 0;
    %assign/v0 v0x94a570_0, 0, 0;
    %ix/load 0, 1, 0;
    %assign/v0 v0x94a670_0, 0, 1;
    %jmp T_12.12;
T_12.12 ;
    %jmp T_12.4;
T_12.2 ;
    %load/v 8, v0x94a4d0_0, 4;
    %cmpi/u 8, 0, 4;
    %jmp/1 T_12.13, 6;
    %cmpi/u 8, 1, 4;
    %jmp/1 T_12.14, 6;
    %cmpi/u 8, 4, 4;
    %jmp/1 T_12.15, 6;
    %cmpi/u 8, 5, 4;
    %jmp/1 T_12.16, 6;
    %cmpi/u 8, 2, 4;
    %jmp/1 T_12.17, 6;
    %cmpi/u 8, 3, 4;
    %jmp/1 T_12.18, 6;
    %jmp T_12.19;
T_12.13 ;
    %ix/load 0, 1, 0;
    %assign/v0 v0x94a1c0_0, 0, 1;
    %movi 8, 1, 2;
    %ix/load 0, 2, 0;
    %assign/v0 v0x949f20_0, 0, 8;
    %jmp T_12.19;
T_12.14 ;
    %ix/load 0, 1, 0;
    %assign/v0 v0x94a1c0_0, 0, 1;
    %movi 8, 1, 2;
    %ix/load 0, 2, 0;
    %assign/v0 v0x949f20_0, 0, 8;
    %jmp T_12.19;
T_12.15 ;
    %ix/load 0, 1, 0;
    %assign/v0 v0x94a070_0, 0, 1;
    %ix/load 0, 1, 0;
    %assign/v0 v0x94a1c0_0, 0, 0;
    %jmp T_12.19;
T_12.16 ;
    %ix/load 0, 1, 0;
    %assign/v0 v0x94a110_0, 0, 1;
    %jmp T_12.19;
T_12.17 ;
    %movi 8, 2, 2;
    %ix/load 0, 2, 0;
    %assign/v0 v0x949f20_0, 0, 8;
    %ix/load 0, 1, 0;
    %assign/v0 v0x94a1c0_0, 0, 1;
    %jmp T_12.19;
T_12.18 ;
    %ix/load 0, 2, 0;
    %assign/v0 v0x949f20_0, 0, 1;
    %ix/load 0, 1, 0;
    %assign/v0 v0x94a1c0_0, 0, 1;
    %jmp T_12.19;
T_12.19 ;
    %jmp T_12.4;
T_12.3 ;
    %load/v 8, v0x94a4d0_0, 4;
    %cmpi/u 8, 0, 4;
    %jmp/1 T_12.20, 6;
    %cmpi/u 8, 1, 4;
    %jmp/1 T_12.21, 6;
    %cmpi/u 8, 4, 4;
    %jmp/1 T_12.22, 6;
    %cmpi/u 8, 2, 4;
    %jmp/1 T_12.23, 6;
    %cmpi/u 8, 3, 4;
    %jmp/1 T_12.24, 6;
    %jmp T_12.25;
T_12.20 ;
    %ix/load 0, 1, 0;
    %assign/v0 v0x94a260_0, 0, 0;
    %ix/load 0, 1, 0;
    %assign/v0 v0x94a340_0, 0, 1;
    %jmp T_12.25;
T_12.21 ;
    %ix/load 0, 1, 0;
    %assign/v0 v0x94a260_0, 0, 1;
    %ix/load 0, 1, 0;
    %assign/v0 v0x94a340_0, 0, 1;
    %jmp T_12.25;
T_12.22 ;
    %ix/load 0, 1, 0;
    %assign/v0 v0x94a260_0, 0, 1;
    %ix/load 0, 1, 0;
    %assign/v0 v0x94a340_0, 0, 1;
    %jmp T_12.25;
T_12.23 ;
    %ix/load 0, 1, 0;
    %assign/v0 v0x94a260_0, 0, 1;
    %ix/load 0, 1, 0;
    %assign/v0 v0x94a340_0, 0, 1;
    %jmp T_12.25;
T_12.24 ;
    %ix/load 0, 1, 0;
    %assign/v0 v0x94a260_0, 0, 1;
    %ix/load 0, 1, 0;
    %assign/v0 v0x94a340_0, 0, 1;
    %jmp T_12.25;
T_12.25 ;
    %jmp T_12.4;
T_12.4 ;
    %jmp T_12;
    .thread T_12, $push;
    .scope S_0x9499b0;
T_13 ;
    %wait E_0x949aa0;
    %load/v 8, v0x949c70_0, 2;
    %cmpi/u 8, 0, 2;
    %jmp/1 T_13.0, 6;
    %cmpi/u 8, 1, 2;
    %jmp/1 T_13.1, 6;
    %cmpi/u 8, 2, 2;
    %jmp/1 T_13.2, 6;
    %cmpi/u 8, 3, 2;
    %jmp/1 T_13.3, 6;
    %cmpi/u 8, 4, 2;
    %jmp/1 T_13.4, 6;
    %cmpi/u 8, 5, 2;
    %jmp/1 T_13.5, 6;
    %cmpi/u 8, 6, 2;
    %jmp/1 T_13.6, 6;
    %cmpi/u 8, 7, 2;
    %jmp/1 T_13.7, 6;
    %cmpi/u 8, 8, 2;
    %jmp/1 T_13.8, 6;
    %cmpi/u 8, 9, 2;
    %jmp/1 T_13.9, 6;
    %cmpi/u 8, 10, 2;
    %jmp/1 T_13.10, 6;
    %cmpi/u 8, 11, 2;
    %jmp/1 T_13.11, 6;
    %cmpi/u 8, 12, 2;
    %jmp/1 T_13.12, 6;
    %cmpi/u 8, 13, 2;
    %jmp/1 T_13.13, 6;
    %cmpi/u 8, 14, 2;
    %jmp/1 T_13.14, 6;
    %cmpi/u 8, 15, 2;
    %jmp/1 T_13.15, 6;
    %ix/load 0, 4, 0;
    %assign/v0 v0x949d10_0, 0, 2;
    %jmp T_13.18;
T_13.0 ;
    %movi 8, 5, 4;
    %ix/load 0, 4, 0;
    %assign/v0 v0x949d10_0, 0, 8;
    %jmp T_13.18;
T_13.1 ;
    %movi 8, 4, 4;
    %ix/load 0, 4, 0;
    %assign/v0 v0x949d10_0, 0, 8;
    %jmp T_13.18;
T_13.2 ;
    %movi 8, 2, 4;
    %ix/load 0, 4, 0;
    %assign/v0 v0x949d10_0, 0, 8;
    %jmp T_13.18;
T_13.3 ;
    %movi 8, 4, 4;
    %ix/load 0, 4, 0;
    %assign/v0 v0x949d10_0, 0, 8;
    %jmp T_13.18;
T_13.4 ;
    %movi 8, 8, 4;
    %ix/load 0, 4, 0;
    %assign/v0 v0x949d10_0, 0, 8;
    %jmp T_13.18;
T_13.5 ;
    %movi 8, 14, 4;
    %ix/load 0, 4, 0;
    %assign/v0 v0x949d10_0, 0, 8;
    %jmp T_13.18;
T_13.6 ;
    %movi 8, 4, 4;
    %ix/load 0, 4, 0;
    %assign/v0 v0x949d10_0, 0, 8;
    %jmp T_13.18;
T_13.7 ;
    %movi 8, 8, 4;
    %ix/load 0, 4, 0;
    %assign/v0 v0x949d10_0, 0, 8;
    %jmp T_13.18;
T_13.8 ;
    %ix/load 0, 4, 0;
    %assign/v0 v0x949d10_0, 0, 2;
    %jmp T_13.18;
T_13.9 ;
    %ix/load 0, 4, 0;
    %assign/v0 v0x949d10_0, 0, 2;
    %jmp T_13.18;
T_13.10 ;
    %ix/load 0, 4, 0;
    %assign/v0 v0x949d10_0, 0, 2;
    %jmp T_13.18;
T_13.11 ;
    %ix/load 0, 4, 0;
    %assign/v0 v0x949d10_0, 0, 2;
    %jmp T_13.18;
T_13.12 ;
    %ix/load 0, 4, 0;
    %assign/v0 v0x949d10_0, 0, 2;
    %jmp T_13.18;
T_13.13 ;
    %ix/load 0, 4, 0;
    %assign/v0 v0x949d10_0, 0, 2;
    %jmp T_13.18;
T_13.14 ;
    %ix/load 0, 4, 0;
    %assign/v0 v0x949d10_0, 0, 2;
    %jmp T_13.18;
T_13.15 ;
    %ix/load 0, 4, 0;
    %assign/v0 v0x949d10_0, 0, 2;
    %jmp T_13.18;
T_13.16 ;
    %ix/load 0, 4, 0;
    %assign/v0 v0x949d10_0, 0, 2;
    %jmp T_13.18;
T_13.18 ;
    %jmp T_13;
    .thread T_13, $push;
    .scope S_0x949500;
T_14 ;
    %wait E_0x9495f0;
    %load/v 8, v0x949860_0, 1;
    %cmpi/u 8, 0, 1;
    %jmp/0xz  T_14.0, 4;
    %ix/load 0, 4, 0;
    %assign/v0 v0x9497c0_0, 0, 0;
    %jmp T_14.1;
T_14.0 ;
    %load/v 8, v0x949910_0, 1;
    %jmp/0xz  T_14.2, 8;
    %load/v 8, v0x949720_0, 4;
    %ix/load 0, 4, 0;
    %assign/v0 v0x9497c0_0, 0, 8;
T_14.2 ;
T_14.1 ;
    %jmp T_14;
    .thread T_14;
    .scope S_0x9249b0;
T_15 ;
    %vpi_call 3 9 "$dumpfile", "cpu.vcd";
    %vpi_call 3 10 "$dumpvars", 1'sb0, S_0x9249b0;
    %end;
    .thread T_15;
    .scope S_0x9249b0;
T_16 ;
    %set/v v0x950120_0, 0, 1;
T_16.0 ;
    %delay 5, 0;
    %load/v 8, v0x950120_0, 1;
    %inv 8, 1;
    %set/v v0x950120_0, 8, 1;
    %jmp T_16.0;
    %end;
    .thread T_16;
    .scope S_0x9249b0;
T_17 ;
    %vpi_call 3 17 "$display", $time, " SR PR IR AR BR DR: R0 R1 R2 R3: M0 M1 M2 M3";
    %set/v v0x9501a0_0, 0, 1;
    %delay 8, 0;
    %set/v v0x9501a0_0, 1, 1;
    %delay 350, 0;
    %vpi_call 3 22 "$finish";
    %end;
    .thread T_17;
    .scope S_0x9249b0;
T_18 ;
    %vpi_call 3 25 "$monitor", $time, " ", " %h  %h %h  %h  %h  %h:  %h  %h  %h  %h:  %h  %h  %h  %h", v0x950050_0, v0x94f9b0_0, v0x94fa80_0, v0x94ea20_0, v0x94eb60_0, v0x94f080_0, v0x94cd70_0, v0x94ce10_0, v0x94ceb0_0, v0x94cf50_0, v0x94b940_0, v0x94b9e0_0, v0x94ba80_0, v0x94bb90_0;
    %end;
    .thread T_18;
# The file index is used to find the file name in the following table.
:file_names 10;
    "N/A";
    "<interactive>";
    "jmp.v";
    "test.v";
    "data_path.v";
    "reg.v";
    "rom.v";
    "ram.v";
    "csg.v";
    "alu.v";
