#! /usr/bin/vvp
:ivl_version "0.9.7 " "(v0_9_7)";
:vpi_time_precision - 9;
:vpi_module "system";
:vpi_module "v2005_math";
:vpi_module "va_math";
S_0x8991f0 .scope module, "test_mul" "test_mul" 2 3;
 .timescale -9 -9;
v0x8d3ef0_0 .var "a", 3 0;
v0x8d3f90_0 .var "b", 3 0;
v0x8d4040_0 .var "clk", 0 0;
v0x8d40f0_0 .var "ld", 0 0;
v0x8d41d0_0 .net "y", 7 0, v0x8d3d60_0; 1 drivers
S_0x887690 .scope module, "u0" "mul" 2 8, 3 3, S_0x8991f0;
 .timescale -9 -9;
v0x887780_0 .net "a", 3 0, v0x8d3ef0_0; 1 drivers
v0x8d39f0_0 .net "b", 3 0, v0x8d3f90_0; 1 drivers
v0x8d3a90_0 .net "clk", 0 0, v0x8d4040_0; 1 drivers
v0x8d3b30_0 .net "ld", 0 0, v0x8d40f0_0; 1 drivers
v0x8d3be0_0 .var "ra", 7 0;
v0x8d3c80_0 .var "rb", 3 0;
v0x8d3d60_0 .var "ry", 7 0;
v0x8d3e00_0 .alias "y", 7 0, v0x8d41d0_0;
E_0x8c2c90 .event posedge, v0x8d3a90_0;
    .scope S_0x887690;
T_0 ;
    %wait E_0x8c2c90;
    %load/v 8, v0x8d3b30_0, 1;
    %jmp/0xz  T_0.0, 8;
    %load/v 8, v0x887780_0, 4;
    %mov 12, 0, 4;
    %ix/load 0, 8, 0;
    %assign/v0 v0x8d3be0_0, 0, 8;
    %jmp T_0.1;
T_0.0 ;
    %mov 8, 0, 1;
    %load/v 9, v0x8d3be0_0, 7; Select 7 out of 8 bits
    %ix/load 0, 8, 0;
    %assign/v0 v0x8d3be0_0, 0, 8;
T_0.1 ;
    %jmp T_0;
    .thread T_0;
    .scope S_0x887690;
T_1 ;
    %wait E_0x8c2c90;
    %load/v 8, v0x8d3b30_0, 1;
    %jmp/0xz  T_1.0, 8;
    %load/v 8, v0x8d39f0_0, 4;
    %ix/load 0, 4, 0;
    %assign/v0 v0x8d3c80_0, 0, 8;
    %jmp T_1.1;
T_1.0 ;
    %ix/load 1, 1, 0;
    %mov 4, 0, 1;
    %jmp/1 T_1.2, 4;
    %load/x1p 12, v0x8d3c80_0, 3;
    %jmp T_1.3;
T_1.2 ;
    %mov 12, 2, 3;
T_1.3 ;
    %mov 8, 12, 3; Move signal select into place
    %mov 11, 0, 1;
    %ix/load 0, 4, 0;
    %assign/v0 v0x8d3c80_0, 0, 8;
T_1.1 ;
    %jmp T_1;
    .thread T_1;
    .scope S_0x887690;
T_2 ;
    %wait E_0x8c2c90;
    %load/v 8, v0x8d3b30_0, 1;
    %jmp/0xz  T_2.0, 8;
    %ix/load 0, 8, 0;
    %assign/v0 v0x8d3d60_0, 0, 0;
    %jmp T_2.1;
T_2.0 ;
    %load/v 8, v0x8d3c80_0, 1; Only need 1 of 4 bits
; Save base=8 wid=1 in lookaside.
    %jmp/0xz  T_2.2, 8;
    %load/v 8, v0x8d3d60_0, 8;
    %load/v 16, v0x8d3be0_0, 8;
    %add 8, 16, 8;
    %ix/load 0, 8, 0;
    %assign/v0 v0x8d3d60_0, 0, 8;
T_2.2 ;
T_2.1 ;
    %jmp T_2;
    .thread T_2;
    .scope S_0x8991f0;
T_3 ;
    %vpi_call 2 11 "$dumpfile", "mul.vcd";
    %vpi_call 2 12 "$dumpvars", 1'sb0, S_0x8991f0;
    %end;
    .thread T_3;
    .scope S_0x8991f0;
T_4 ;
    %vpi_call 2 16 "$monitor", $time, " ", "%b %b %b", v0x8d3be0_0, v0x8d3c80_0, v0x8d3d60_0;
    %end;
    .thread T_4;
    .scope S_0x8991f0;
T_5 ;
    %set/v v0x8d4040_0, 0, 1;
T_5.0 ;
    %delay 10, 0;
    %load/v 8, v0x8d4040_0, 1;
    %inv 8, 1;
    %set/v v0x8d4040_0, 8, 1;
    %jmp T_5.0;
    %end;
    .thread T_5;
    .scope S_0x8991f0;
T_6 ;
    %set/v v0x8d40f0_0, 0, 1;
    %movi 8, 13, 4;
    %set/v v0x8d3ef0_0, 8, 4;
    %movi 8, 11, 4;
    %set/v v0x8d3f90_0, 8, 4;
    %delay 10, 0;
    %set/v v0x8d40f0_0, 1, 1;
    %movi 8, 13, 4;
    %set/v v0x8d3ef0_0, 8, 4;
    %movi 8, 11, 4;
    %set/v v0x8d3f90_0, 8, 4;
    %delay 20, 0;
    %set/v v0x8d40f0_0, 0, 1;
    %movi 8, 13, 4;
    %set/v v0x8d3ef0_0, 8, 4;
    %movi 8, 11, 4;
    %set/v v0x8d3f90_0, 8, 4;
    %delay 30, 0;
    %set/v v0x8d40f0_0, 0, 1;
    %movi 8, 13, 4;
    %set/v v0x8d3ef0_0, 8, 4;
    %movi 8, 11, 4;
    %set/v v0x8d3f90_0, 8, 4;
    %delay 40, 0;
    %set/v v0x8d40f0_0, 1, 1;
    %movi 8, 13, 4;
    %set/v v0x8d3ef0_0, 8, 4;
    %movi 8, 11, 4;
    %set/v v0x8d3f90_0, 8, 4;
    %delay 50, 0;
    %set/v v0x8d40f0_0, 0, 1;
    %movi 8, 13, 4;
    %set/v v0x8d3ef0_0, 8, 4;
    %movi 8, 11, 4;
    %set/v v0x8d3f90_0, 8, 4;
    %delay 60, 0;
    %vpi_call 2 58 "$finish";
    %end;
    .thread T_6;
# The file index is used to find the file name in the following table.
:file_names 4;
    "N/A";
    "<interactive>";
    "test_mul.v";
    "mul.v";
